<?xml version="1.0" encoding="UTF-8"?>
<!-- Generated by org.testng.reporters.JUnitXMLReporter -->
<testsuite ignored="0" hostname="DESKTOP-CAUNBGB" failures="0" tests="7" name="Surefire test" time="4.536" errors="0" timestamp="2023-08-21T10:40:30 IST">
  <testcase classname="testBase.BaseClass" name="@BeforeClass setup" time="-1.692594626486E9">
    <failure type="org.testng.TestNGException" message="
Parameter &amp;apos;browser&amp;apos; is required by BeforeClass on method setup but has not been marked @Optional or defined
">
      <![CDATA[org.testng.TestNGException: 
Parameter 'browser' is required by BeforeClass on method setup but has not been marked @Optional or defined

at java.base/java.util.ArrayList.forEach(ArrayList.java:1511)
... Removed 27 stack frames]]>
    </failure>
  </testcase> <!-- @BeforeClass setup -->
  <testcase classname="testBase.BaseClass" name="@AfterClass teardown" time="0.0">
    <skipped/>
  </testcase> <!-- @AfterClass teardown -->
  <testcase classname="testBase.BaseClass" name="@BeforeClass setup" time="-1.692594626563E9">
    <failure type="org.testng.TestNGException" message="
Parameter &amp;apos;browser&amp;apos; is required by BeforeClass on method setup but has not been marked @Optional or defined
">
      <![CDATA[org.testng.TestNGException: 
Parameter 'browser' is required by BeforeClass on method setup but has not been marked @Optional or defined

at java.base/java.util.ArrayList.forEach(ArrayList.java:1511)
... Removed 27 stack frames]]>
    </failure>
  </testcase> <!-- @BeforeClass setup -->
  <testcase classname="testBase.BaseClass" name="@AfterClass teardown" time="0.0">
    <skipped/>
  </testcase> <!-- @AfterClass teardown -->
  <testcase classname="testBase.BaseClass" name="@BeforeClass setup" time="-1.692594626571E9">
    <failure type="org.testng.TestNGException" message="
Parameter &amp;apos;browser&amp;apos; is required by BeforeClass on method setup but has not been marked @Optional or defined
">
      <![CDATA[org.testng.TestNGException: 
Parameter 'browser' is required by BeforeClass on method setup but has not been marked @Optional or defined

at java.base/java.util.ArrayList.forEach(ArrayList.java:1511)
... Removed 27 stack frames]]>
    </failure>
  </testcase> <!-- @BeforeClass setup -->
  <testcase classname="testBase.BaseClass" name="@AfterClass teardown" time="0.0">
    <skipped/>
  </testcase> <!-- @AfterClass teardown -->
  <testcase classname="testCases.TC_01RegisterTest" name="Registrationtest" time="0.0">
    <skipped/>
  </testcase> <!-- Registrationtest -->
  <testcase classname="testCases.TC_02LoginTest" name="logintest" time="0.001">
    <skipped/>
  </testcase> <!-- logintest -->
  <testcase classname="testCases.TC_03DataDrivenTest" name="DDtlogin" time="0.0">
    <skipped/>
  </testcase> <!-- DDtlogin -->
  <testcase classname="testCases.TC_03DataDrivenTest" name="DDtlogin" time="0.001">
    <skipped/>
  </testcase> <!-- DDtlogin -->
  <testcase classname="testCases.TC_03DataDrivenTest" name="DDtlogin" time="0.0">
    <skipped/>
  </testcase> <!-- DDtlogin -->
  <testcase classname="testCases.TC_03DataDrivenTest" name="DDtlogin" time="0.0">
    <skipped/>
  </testcase> <!-- DDtlogin -->
  <testcase classname="testCases.TC_03DataDrivenTest" name="DDtlogin" time="0.0">
    <skipped/>
  </testcase> <!-- DDtlogin -->
</testsuite> <!-- Surefire test -->
